<?xml version="1.0" encoding="UTF-8"?>
<testng-results ignored="0" total="1" passed="1" failed="0" skipped="0">
  <reporter-output>
  </reporter-output>
  <suite started-at="2022-05-24T21:53:44 IST" name="Default suite" finished-at="2022-05-24T21:53:45 IST" duration-ms="93">
    <groups>
    </groups>
    <test started-at="2022-05-24T21:53:44 IST" name="Default test" finished-at="2022-05-24T21:53:45 IST" duration-ms="93">
      <class name="packageselnium.testclass">
        <test-method signature="method1()[pri:0, instance:packageselnium.testclass@43dac38f]" started-at="2022-05-24T21:53:44 IST" name="method1" finished-at="2022-05-24T21:53:45 IST" duration-ms="17" status="PASS">
          <reporter-output>
          </reporter-output>
        </test-method> <!-- method1 -->
      </class> <!-- packageselnium.testclass -->
    </test> <!-- Default test -->
  </suite> <!-- Default suite -->
</testng-results>
